0 silly argv {
0 silly argv   _: [ 'publish' ],
0 silly argv   'force-publish': true,
0 silly argv   forcePublish: true,
0 silly argv   composed: 'publish',
0 silly argv   lernaVersion: '6.6.1',
0 silly argv   '$0': 'node_modules\\lerna\\dist\\cli.js'
0 silly argv }
1 notice cli v6.6.1
2 verbose rootPath C:\Users\YGXY\Desktop\lerna-demo
3 error JSONError: Unexpected token "}" (0x7D) in JSON at position 541 while parsing near "...dard\": \"^32.0.0\",\n  }\n}\n" in packages\stylelint-config-ygxy\package.json
3 error
3 error [0m [90m 19 |[39m     [32m"stylelint-config-recommended-vue"[39m[33m:[39m [32m"^1.4.0"[39m[33m,[39m[0m
3 error [0m [90m 20 |[39m     [32m"stylelint-config-standard"[39m[33m:[39m [32m"^32.0.0"[39m[33m,[39m[0m
3 error [0m[31m[1m>[22m[39m[90m 21 |[39m   }[0m
3 error [0m [90m    |[39m   [31m[1m^[22m[39m[0m
3 error [0m [90m 22 |[39m }[0m
3 error [0m [90m 23 |[39m[0m
3 error
3 error     at parseJson (C:\Users\YGXY\Desktop\lerna-demo\node_modules\parse-json\index.js:29:21)
3 error     at parse (C:\Users\YGXY\Desktop\lerna-demo\node_modules\load-json-file\index.js:15:9)
3 error     at module.exports (C:\Users\YGXY\Desktop\lerna-demo\node_modules\load-json-file\index.js:18:47)
